<?xml version="1.0" encoding="UTF-8"?>
<testsuites>
  <testsuite name="" tests="0" assertions="0" failures="0" errors="0" time="0.000000">
    <testsuite name="Main" tests="0" assertions="0" failures="0" errors="0" time="0.000000"/>
    <testsuite name="CoreModels" tests="0" assertions="0" failures="0" errors="0" time="0.000000"/>
    <testsuite name="GrantsModels" tests="0" assertions="0" failures="0" errors="0" time="0.000000"/>
    <testsuite name="CoreLibraries" tests="0" assertions="0" failures="0" errors="0" time="0.000000"/>
    <testsuite name="GrantsLibraries" tests="0" assertions="0" failures="0" errors="0" time="0.000000"/>
    <testsuite name="Controllers" tests="0" assertions="0" failures="0" errors="0" time="0.000000"/>
  </testsuite>
</testsuites>
